app/proguard-rules.pro
# Add project specific ProGuard rules here.
# You can control the set of applied configuration files using the
# proguardFiles setting in build.gradle.
#
# For more details, see
#   http://developer.android.com/guide/developing/tools/proguard.html

# If your project uses WebView with JS, uncomment the following
# and specify the fully qualified class name to the JavaScript interface
# class:
#-keepclassmembers class fqcn.of.javascript.interface.for.webview {
#   public *;
#}

# Uncomment this to preserve the line number information for
# debugging stack traces.
#-keepattributes SourceFile,LineNumberTable

# If you keep the line number information, uncomment this to
# hide the original source file name.
#-renamesourcefileattribute SourceFile
#1.基本指令区
-optimizationpasses 5
-optimizations
-dontskipnonpubliclibraryclasses
-dontskipnonpubliclibraryclassmembers
-dontpreverify
-verbose
-printmapping proguardMapping.txt
-optimizations !code/simplification/cast,!field/*,!class/merging/*
-optimizations *Annotation*,InnerClasses
-keepattributes Signature
-keepattributes SourceFile,LineNumberTable

#2.默认保留区
-keep public class * extends android.app.Activity
-keep public class * extends android.app.Application
-keep public class * extends android.app.Service
-keep public class * extends android.content.BroadcastReceiver
-keep public class * extends android.content.ContentProvider
-keep public class * extends android.app.backup.BackupAgentHelper
-keep public class * extends android.preference.Preference
-keep public class * extends android.view.View
-keep public class com.android.vending.licensing.ILicensingService
-keep class android.support.** {*;}

-keepclasseswithmembernames class * {
    native <methods>;
}
-keepclassmembers class * extends android.app.Activity{
    public void *(android.view.View);
}
-keepclassmembers enum * {
    public static **[] values();
    public static ** valueOf(java.lang.String);
}
-keep public class * extends android.view.View{
    *** get*();
    void set*(***);
    public <init>(android.content.Context);
    public <init>(android.content.Context, android.util.AttributeSet);
    public <init>(android.content.Context, android.util.AttributeSet, int);
}
-keepclasseswithmembers class * {
    public <init>(android.content.Context, android.util.AttributeSet);
    public <init>(android.content.Context, android.util.AttributeSet, int);
}
-keep class * implements android.os.Parcelable {
  public static final android.os.Parcelable$Creator *;
}
-keepclassmembers class * implements java.io.Serializable {
    static final long serialVersionUID;
    private static final java.io.ObjectStreamField[] serialPersistentFields;
    private void writeObject(java.io.ObjectOutputStream);
    private void readObject(java.io.ObjectInputStream);
    java.lang.Object writeReplace();
    java.lang.Object readResolve();
}
-keep class **.R$* {
 *;
}
-keepclassmembers class * {
    void *(**On*Event);
}

#3.webview
-keepclassmembers class fqcn.of.javascript.interface.for.webview {
   public *;
}
-keepclassmembers class * extends android.webkit.webViewClient {
    public void *(android.webkit.WebView, java.lang.String, android.graphics.Bitmap);
    public boolean *(android.webkit.WebView, java.lang.String);
}
-keepclassmembers class * extends android.webkit.webViewClient {
    public void *(android.webkit.webView, jav.lang.String);
}

### 忽略警告
#-ignorewarning

#####################记录生成的日志数据,gradle build时在本项目根目录输出################
#apk 包内所有 class 的内部结构
-dump class_files.txt
#未混淆的类和成员
-printseeds seeds.txt
#列出从 apk 中删除的代码
-printusage unused.txt
#混淆前后的映射
-printmapping mapping.txt
#####################记录生成的日志数据，gradle build时 在本项目根目录输出-end################

#保持 native 方法不被混淆
-keepclasseswithmembernames class * {
    native <methods>;
}

-keep class com.umeng.** {*;}
-keepclassmembers class * {
   public <init> (org.json.JSONObject);
}


#okhttputils
-dontwarn com.zhy.http.**
-keep class com.zhy.http.**{*;}


#okhttp
-dontwarn okhttp3.**
-keep class okhttp3.**{*;}


#okio
-dontwarn okio.**
-keep class okio.**{*;}

#### glide ########
-keep public class * implements com.bumptech.glide.module.GlideModule
-keep public class * extends com.bumptech.glide.module.AppGlideModule
-keep public enum com.bumptech.glide.load.ImageHeaderParser$** {
  **[] $VALUES;
  public *;
}

#挂断方法
-keep class  android.telephony.TelephonyManager{*;}
-keep class  com.android.internal.telephony.ITelephony{*;}

-dontwarn com.yanzhenjie.permission.**

#友盟
-keep class com.umeng.** {*;}
-keepclassmembers class * {
   public <init> (org.json.JSONObject);
 }
-keepclassmembers enum * {
    public static **[] values();
    public static ** valueOf(java.lang.String);
   }

#图片视频选择库
-keep class com.huantansheng.easyphotos.models.** { *; }
#日历
-keepclasseswithmembers class * {
    public <init>(android.content.Context);
}
#数据库升级辅助类
-keepclassmembers class * extends org.greenrobot.greendao.AbstractDao {
    public static void dropTable(org.greenrobot.greendao.database.Database, boolean);
    public static void createTable(org.greenrobot.greendao.database.Database, boolean);
}

# Gson specific classes
-dontwarn com.google.**
-keep class com.google.gson.** {*;}
-keep class com.google.protobuf.** {*;}
# 实体类不混淆，整个bean包
-keep class com.js.phonicdiary.bean.** { *; }
#greendao数据库
-keep class org.greenrobot.greendao.**{*;}
-keepclassmembers class * extends org.greenrobot.greendao.AbstractDao {
public static java.lang.String TABLENAME;
}
-keep class **$Properties
-keep class net.sqlcipher.database.**{*;}
-keep public interface net.sqlcipher.database.**
-dontwarn net.sqlcipher.database.**
-dontwarn org.greenrobot.greendao.**