app/seeds.txt
com.js.phonicdiary.R$dimen: int abc_text_size_title_material_toolbar
com.js.phonicdiary.R$styleable: int CalendarView_week_line_background
com.js.phonicdiary.R$styleable: int RecyclerView_fastScrollHorizontalThumbDrawable
com.js.phonicdiary.R$string: int search
com.js.phonicdiary.R$styleable: int TextInputLayout_errorIconDrawable
com.js.phonicdiary.R$attr: int subtitle
com.js.phonicdiary.R$styleable: int TintRelativeLayout_backgroundTintMode
com.js.phonicdiary.R$styleable: int ViewPager2_android_orientation
com.js.phonicdiary.R$id: int action_bar_subtitle
com.js.phonicdiary.R$styleable: int TabLayout_tabInlineLabel
com.js.phonicdiary.R$layout: int mtrl_alert_select_dialog_item
com.js.phonicdiary.R$attr: int foregroundInsidePadding
com.js.phonicdiary.R$dimen: int mtrl_btn_hovered_z
com.js.phonicdiary.R$styleable: int Constraint_layout_constraintEnd_toEndOf
com.js.phonicdiary.R$attr: int endIconMode
com.js.phonicdiary.R$styleable: int[] TintAppBarLayout
com.js.phonicdiary.R$styleable: int Chip_android_textAppearance
com.js.phonicdiary.R$style: int Theme_Design_NoActionBar
com.js.phonicdiary.R$attr: int drawPath
com.js.phonicdiary.R$styleable: int CardView_cardPreventCornerOverlap
com.js.phonicdiary.R$style: int TextAppearance_MaterialComponents_Headline1
com.js.phonicdiary.R$styleable: int MaterialButton_iconGravity
com.js.phonicdiary.R$attr: int layout_constraintGuide_end
com.js.phonicdiary.R$attr: int windowFixedHeightMinor
com.js.phonicdiary.R$styleable: int ConstraintSet_android_rotationX
com.js.phonicdiary.R$style: int TextAppearance_Compat_Notification_Time_Media
com.js.phonicdiary.R$string: int Whether_to_delete_the_picture
com.js.phonicdiary.R$attr: int layout_constraintHorizontal_chainStyle
com.js.phonicdiary.R$styleable: int Constraint_layout_goneMarginBottom
com.js.phonicdiary.R$styleable: int Layout_layout_goneMarginStart
com.js.phonicdiary.R$styleable: int[] TintSwitchTrack
com.js.phonicdiary.R$attr: int staggered
com.js.phonicdiary.R$id: int edit_scroll
com.js.phonicdiary.R$attr: int textAppearanceLargePopupMenu
com.js.phonicdiary.R$style: int Theme_MaterialComponents_DialogWhenLarge
com.js.phonicdiary.R$attr: int need_draw_outer_line
com.js.phonicdiary.R$id: int time
com.js.phonicdiary.R$styleable: int AppBarLayout_Layout_layout_scrollFlags
com.js.phonicdiary.R$styleable: int[] TintButton
com.js.phonicdiary.R$id: int m_selector
com.js.phonicdiary.R$drawable: int ic_memories
com.js.phonicdiary.R$styleable: int ConstraintSet_layout_constraintHeight_min
com.js.phonicdiary.R$styleable: int AppCompatTheme_alertDialogTheme
com.js.phonicdiary.R$id: int edit_number
com.js.phonicdiary.R$style: int Widget_MaterialComponents_CardView
com.js.phonicdiary.R$style: int Platform_V25_AppCompat_Light
com.js.phonicdiary.R$style: int Base_Theme_MaterialComponents_Light_Dialog_Alert
com.js.phonicdiary.R$styleable: int MaterialRadioButton_useMaterialThemeColors
com.js.phonicdiary.R$style: int Widget_AppCompat_Light_ActivityChooserView
com.js.phonicdiary.R$styleable: int ActionBar_icon
com.js.phonicdiary.R$drawable: int abc_btn_radio_to_on_mtrl_000
com.js.phonicdiary.R$attr: int track
com.js.phonicdiary.R$style: int Base_Widget_MaterialComponents_AutoCompleteTextView
com.js.phonicdiary.R$dimen: int mtrl_btn_text_btn_padding_right
com.js.phonicdiary.R$id: int select_dialog_listview
com.js.phonicdiary.R$styleable: int ActionBar_contentInsetStart
com.js.phonicdiary.R$string: int abc_menu_shift_shortcut_label
com.js.phonicdiary.R$layout: int mtrl_calendar_vertical
com.js.phonicdiary.R$drawable: int notification_action_background
com.js.phonicdiary.R$layout: int design_menu_item_action_area
com.js.phonicdiary.R$styleable: int Constraint_layout_constraintHorizontal_weight
com.js.phonicdiary.R$string: int permission_name_storage
com.js.phonicdiary.R$style: int Widget_AppCompat_Light_SearchView
com.js.phonicdiary.R$styleable: int AppCompatTheme_actionMenuTextAppearance
...
com.bilibili.magicasakura.R$attr: int isLightTheme
com.huantansheng.easyphotos.models.sticker.view.TextSticker: float access$600(com.huantansheng.easyphotos.models.sticker.view.TextSticker)
com.haibin.calendarview.R$dimen: int abc_text_size_large_material
androidx.media.R$id: int actions
android.support.v4.media.MediaBrowserCompat$MediaItem$1
com.wanglu.photoviewerlibrary.R$style: int TextAppearance_AppCompat_Widget_Button_Borderless_Colored
androidx.recyclerview.widget.RecyclerView: android.view.ViewGroup$LayoutParams generateLayoutParams(android.view.ViewGroup$LayoutParams)
androidx.asynclayoutinflater.R$styleable: int[] ColorStateListItem
com.huantansheng.easyphotos.R$integer: int photos_columns_easy_photos
com.huantansheng.easyphotos.R$styleable: int ConstraintSet_flow_firstVerticalStyle
com.huantansheng.easyphotos.models.puzzle.Line: float length()
android.support.v4.media.session.IMediaControllerCallback$Stub$Proxy: void onMetadataChanged(android.support.v4.media.MediaMetadataCompat)
androidx.constraintlayout.widget.R$styleable: int Layout_chainUseRtl
com.huantansheng.easyphotos.R$style: int TextAppearance_AppCompat_Widget_TextView_SpinnerItem
com.bilibili.magicasakura.R$styleable: int Constraint_android_rotationY
com.bilibili.magicasakura.widgets.TintEditText: TintEditText(android.content.Context)
androidx.asynclayoutinflater.R$integer
com.github.chrisbanes.photoview.R$layout: int abc_list_menu_item_layout
com.wanglu.photoviewerlibrary.R$styleable: int[] Toolbar
androidx.appcompat.R$style: int Theme_AppCompat_Light_NoActionBar
com.bilibili.magicasakura.R$styleable: int CollapsingToolbarLayout_expandedTitleMarginEnd
com.bilibili.magicasakura.R$style: int TextAppearance_Design_Tab
com.davemorrissey.labs.subscaleview.decoder.SkiaImageRegionDecoder: java.lang.String RESOURCE_PREFIX
com.davemorrissey.labs.subscaleview.SubsamplingScaleImageView$AnimationBuilder: android.graphics.PointF vFocus
android.support.v4.media.session.PlaybackStateCompat: long ACTION_SKIP_TO_NEXT
androidx.legacy.v4.R$styleable: int GradientColor_android_endY
androidx.appcompat.R$style: int Widget_AppCompat_ListMenuView
com.github.chrisbanes.photoview.R$attr: int fontFamily
androidx.print.PrintHelper: PrintHelper(android.content.Context)
com.bumptech.glide.R$drawable: int notification_bg_low_normal
com.google.android.material.textfield.TextInputLayout: float getBoxCornerRadiusBottomStart()
com.github.chrisbanes.photoview.R$attr: int actionModeFindDrawable
android.support.v4.media.session.PlaybackStateCompat$Builder: PlaybackStateCompat$Builder()
com.huantansheng.easyphotos.R$dimen: int mtrl_calendar_header_height
com.davemorrissey.labs.subscaleview.SubsamplingScaleImageView: int EASE_IN_OUT_QUAD
cn.qqtheme.framework.filepicker.R$anim: int abc_grow_fade_in_from_bottom
com.google.android.material.R$style: int TextAppearance_Widget_AppCompat_Toolbar_Subtitle
com.huantansheng.easyphotos.R$attr: int snackbarButtonStyle
android.support.v4.media.session.MediaControllerCompat$Callback: MediaControllerCompat$Callback()
com.bilibili.magicasakura.R$styleable: int OnSwipe_dragDirection
com.bilibili.magicasakura.R$styleable: int TintEditText_drawableBottomTintMode
com.huantansheng.easyphotos.models.puzzle.straight.StraightArea
com.github.chrisbanes.photoview.R$style: int Base_V7_Theme_AppCompat_Light_Dialog
com.huantansheng.easyphotos.R$styleable: int MaterialShape_shapeAppearance
androidx.appcompat.R$styleable: int FontFamilyFont_font
cn.qqtheme.framework.filepicker.R$styleable: int StateListDrawable_android_visible
com.google.android.material.internal.CheckableImageButton: void setChecked(boolean)
com.google.gson.internal.LinkedTreeMap: <clinit>()
androidx.constraintlayout.widget.R$string: int abc_searchview_description_voice
androidx.appcompat.R$styleable: int TextAppearance_android_textColorLink
androidx.appcompat.widget.AppCompatSeekBar
com.wanglu.photoviewerlibrary.R$dimen: int compat_control_corner_material