app/mapping.txt
# compiler: R8
# compiler_version: 1.4.94
# min_api: 19
com.js.phonicdiary.BuildConfig -> com.js.phonicdiary.a:
    boolean DEBUG -> a
    7:7:void <clinit>() -> <clinit>
com.js.phonicdiary.CustomAppGlideModule -> com.js.phonicdiary.CustomAppGlideModule:
    19:19:void <init>() -> <init>
    22:22:void registerComponents(android.content.Context,com.bumptech.glide.Glide,com.bumptech.glide.Registry) -> a
com.js.phonicdiary.DiaryApplication -> com.js.phonicdiary.DiaryApplication:
    com.js.phonicdiary.DiaryApplication singleton -> a
    java.util.ArrayList listActivity -> c
    com.js.phonicdiary.db.DaoSession daoSession -> b
    24:24:void <clinit>() -> <clinit>
    22:56:void <init>() -> <init>
    52:52:com.js.phonicdiary.db.DaoSession getDaoSession() -> a
    72:72:int replaceColor(android.content.Context,int) -> a
    27:27:com.js.phonicdiary.DiaryApplication getInstance() -> b
    67:67:int replaceColorById(android.content.Context,int) -> b
    43:47:void initGreenDao() -> c
    32:36:void onCreate() -> onCreate
com.js.phonicdiary.GlideOptions -> com.js.phonicdiary.b:
    34:34:void <init>() -> <init>
    33:33:com.bumptech.glide.request.BaseRequestOptions lock() -> C
    623:623:com.js.phonicdiary.GlideOptions lock() -> C
    33:33:com.bumptech.glide.request.BaseRequestOptions optionalCenterCrop() -> D
    498:498:com.js.phonicdiary.GlideOptions optionalCenterCrop() -> D
    33:33:com.bumptech.glide.request.BaseRequestOptions optionalCenterInside() -> E
    526:526:com.js.phonicdiary.GlideOptions optionalCenterInside() -> E
    33:33:com.bumptech.glide.request.BaseRequestOptions optionalFitCenter() -> F
    512:512:com.js.phonicdiary.GlideOptions optionalFitCenter() -> F
    33:33:com.bumptech.glide.request.BaseRequestOptions apply(com.bumptech.glide.request.BaseRequestOptions) -> a
    33:33:com.bumptech.glide.request.BaseRequestOptions autoClone() -> a
    33:33:com.bumptech.glide.request.BaseRequestOptions decode(java.lang.Class) -> a
    33:33:com.bumptech.glide.request.BaseRequestOptions diskCacheStrategy(com.bumptech.glide.load.engine.DiskCacheStrategy) -> a
    33:33:com.bumptech.glide.request.BaseRequestOptions downsample(com.bumptech.glide.load.resource.bitmap.DownsampleStrategy) -> a
    33:33:com.bumptech.glide.request.BaseRequestOptions override(int,int) -> a
    33:33:com.bumptech.glide.request.BaseRequestOptions priority(com.bumptech.glide.Priority) -> a
    33:33:com.bumptech.glide.request.BaseRequestOptions set(com.bumptech.glide.load.Option,java.lang.Object) -> a
com.js.phonicdiary.GlideRequest -> com.js.phonicdiary.c:
    62:63:void <init>(com.bumptech.glide.Glide,com.bumptech.glide.RequestManager,java.lang.Class,android.content.Context) -> <init>
    51:51:com.bumptech.glide.request.BaseRequestOptions optionalCenterCrop() -> D
    312:312:com.js.phonicdiary.GlideRequest optionalCenterCrop() -> D
    51:51:com.bumptech.glide.request.BaseRequestOptions optionalCenterInside() -> E
    348:348:com.js.phonicdiary.GlideRequest optionalCenterInside() -> E
    51:51:com.bumptech.glide.request.BaseRequestOptions optionalFitCenter() -> F
    330:330:com.js.phonicdiary.GlideRequest optionalFitCenter() -> F
    51:51:com.bumptech.glide.RequestBuilder addListener(com.bumptech.glide.request.RequestListener) -> a
    51:51:com.bumptech.glide.RequestBuilder apply(com.bumptech.glide.request.BaseRequestOptions) -> a
    51:51:com.bumptech.glide.request.BaseRequestOptions apply(com.bumptech.glide.request.BaseRequestOptions) -> a
    51:51:com.bumptech.glide.request.BaseRequestOptions decode(java.lang.Class) -> a
    51:51:com.bumptech.glide.request.BaseRequestOptions diskCacheStrategy(com.bumptech.glide.load.engine.DiskCacheStrategy) -> a
    51:51:com.bumptech.glide.request.BaseRequestOptions downsample(com.bumptech.glide.load.resource.bitmap.DownsampleStrategy) -> a
    51:51:com.bumptech.glide.RequestBuilder load(java.lang.Object) -> a
    51:51:com.bumptech.glide.RequestBuilder load(java.lang.String) -> a
...
androidx.viewpager2.widget.ViewPager2$PageAwareAccessibilityProvider$2 -> androidx.viewpager2.widget.l:
    androidx.viewpager2.widget.ViewPager2$PageAwareAccessibilityProvider this$1 -> a
    1297:1297:void <init>(androidx.viewpager2.widget.ViewPager2$PageAwareAccessibilityProvider) -> <init>
    1301:1303:boolean perform(android.view.View,androidx.core.view.accessibility.AccessibilityViewCommand$CommandArguments) -> a
androidx.viewpager2.widget.ViewPager2$PageAwareAccessibilityProvider$3 -> androidx.viewpager2.widget.m:
    androidx.viewpager2.widget.ViewPager2$PageAwareAccessibilityProvider this$1 -> a
    1315:1315:void <init>(androidx.viewpager2.widget.ViewPager2$PageAwareAccessibilityProvider) -> <init>
    1318:1319:void onChanged() -> a
androidx.viewpager2.widget.ViewPager2$PageTransformer -> androidx.viewpager2.widget.ViewPager2$g:
    void transformPage(android.view.View,float) -> a
androidx.viewpager2.widget.ViewPager2$PagerSnapHelperImpl -> androidx.viewpager2.widget.ViewPager2$h:
    androidx.viewpager2.widget.ViewPager2 this$0 -> f
    1002:1003:void <init>(androidx.viewpager2.widget.ViewPager2) -> <init>
    1012:1012:android.view.View findSnapView(androidx.recyclerview.widget.RecyclerView$LayoutManager) -> c
androidx.viewpager2.widget.ViewPager2$RecyclerViewImpl -> androidx.viewpager2.widget.ViewPager2$i:
    androidx.viewpager2.widget.ViewPager2 this$0 -> a
    932:934:void <init>(androidx.viewpager2.widget.ViewPager2,android.content.Context) -> <init>
    939:942:java.lang.CharSequence getAccessibilityClassName() -> getAccessibilityClassName
    947:951:void onInitializeAccessibilityEvent(android.view.accessibility.AccessibilityEvent) -> onInitializeAccessibilityEvent
    961:961:boolean onInterceptTouchEvent(android.view.MotionEvent) -> onInterceptTouchEvent
    956:956:boolean onTouchEvent(android.view.MotionEvent) -> onTouchEvent
androidx.viewpager2.widget.ViewPager2$SavedState -> androidx.viewpager2.widget.ViewPager2$SavedState:
    android.os.Parcelable mAdapterState -> c
    int mCurrentItem -> b
    int mRecyclerViewId -> a
    396:396:void <clinit>() -> <clinit>
    369:371:void <init>(android.os.Parcel,java.lang.ClassLoader) -> <init>
    374:376:void <init>(android.os.Parcel) -> <init>
    379:380:void <init>(android.os.Parcelable) -> <init>
    383:386:void readValues(android.os.Parcel,java.lang.ClassLoader) -> a
    390:394:void writeToParcel(android.os.Parcel,int) -> writeToParcel
androidx.viewpager2.widget.ViewPager2$SavedState$1 -> androidx.viewpager2.widget.n:
    396:396:void <init>() -> <init>
    396:396:java.lang.Object createFromParcel(android.os.Parcel) -> createFromParcel
    396:396:java.lang.Object createFromParcel(android.os.Parcel,java.lang.ClassLoader) -> createFromParcel
    399:399:androidx.viewpager2.widget.ViewPager2$SavedState createFromParcel(android.os.Parcel,java.lang.ClassLoader) -> createFromParcel
    406:406:androidx.viewpager2.widget.ViewPager2$SavedState createFromParcel(android.os.Parcel) -> createFromParcel
    396:396:java.lang.Object[] newArray(int) -> newArray
    411:411:androidx.viewpager2.widget.ViewPager2$SavedState[] newArray(int) -> newArray
androidx.viewpager2.widget.ViewPager2$SmoothScrollToPosition -> androidx.viewpager2.widget.ViewPager2$j:
    androidx.recyclerview.widget.RecyclerView mRecyclerView -> b
    int mPosition -> a
    1020:1023:void <init>(int,androidx.recyclerview.widget.RecyclerView) -> <init>
    1027:1028:void run() -> run