app/unused.txt
com.js.phonicdiary.manager.FileManager
com.js.phonicdiary.utils.StatusBarUtil
    public void <init>()
    public static void setColor(android.app.Activity,int)
    public static void setColor(android.app.Activity,int,int)
    public static void setColorForSwipeBack(android.app.Activity,int)
    public static void setColorForSwipeBack(android.app.Activity,int,int)
    public static void setColorNoTranslucent(android.app.Activity,int)
    public static void setColorDiff(android.app.Activity,int)
    public static void setTranslucent(android.app.Activity)
    public static void setTranslucent(android.app.Activity,int)
    public static void setTranslucentForCoordinatorLayout(android.app.Activity,int)
    public static void setTransparent(android.app.Activity)
    public static void setTranslucentDiff(android.app.Activity)
    public static void setColorForDrawerLayout(android.app.Activity,androidx.drawerlayout.widget.DrawerLayout,int)
    public static void setColorNoTranslucentForDrawerLayout(android.app.Activity,androidx.drawerlayout.widget.DrawerLayout,int)
    public static void setColorForDrawerLayout(android.app.Activity,androidx.drawerlayout.widget.DrawerLayout,int,int)
    private static void setDrawerLayoutProperty(androidx.drawerlayout.widget.DrawerLayout,android.view.ViewGroup)
    public static void setColorForDrawerLayoutDiff(android.app.Activity,androidx.drawerlayout.widget.DrawerLayout,int)
com.js.phonicdiary.db.DiaryInfoDao
    public void <init>(org.greenrobot.greendao.internal.DaoConfig)
com.js.phonicdiary.DiaryApplication
    public void setListActivity(android.app.Activity)
com.js.phonicdiary.db.PhotoInfoDao
    public void <init>(org.greenrobot.greendao.internal.DaoConfig)
com.js.phonicdiary.db.VoiceInfoDao
    public void <init>(org.greenrobot.greendao.internal.DaoConfig)
com.js.phonicdiary.GlideOptions
    public static com.js.phonicdiary.GlideOptions sizeMultiplierOf(float)
    public static com.js.phonicdiary.GlideOptions diskCacheStrategyOf(com.bumptech.glide.load.engine.DiskCacheStrategy)
    public static com.js.phonicdiary.GlideOptions priorityOf(com.bumptech.glide.Priority)
    public static com.js.phonicdiary.GlideOptions placeholderOf(android.graphics.drawable.Drawable)
    public static com.js.phonicdiary.GlideOptions placeholderOf(int)
    public static com.js.phonicdiary.GlideOptions errorOf(android.graphics.drawable.Drawable)
    public static com.js.phonicdiary.GlideOptions errorOf(int)
    public static com.js.phonicdiary.GlideOptions skipMemoryCacheOf(boolean)
    public static com.js.phonicdiary.GlideOptions overrideOf(int,int)
    public static com.js.phonicdiary.GlideOptions overrideOf(int)
    public static com.js.phonicdiary.GlideOptions signatureOf(com.bumptech.glide.load.Key)
    public static com.js.phonicdiary.GlideOptions fitCenterTransform()
    public static com.js.phonicdiary.GlideOptions centerInsideTransform()
    public static com.js.phonicdiary.GlideOptions centerCropTransform()
    public static com.js.phonicdiary.GlideOptions circleCropTransform()
    public static com.js.phonicdiary.GlideOptions bitmapTransform(com.bumptech.glide.load.Transformation)
    public static com.js.phonicdiary.GlideOptions noTransformation()
com.js.phonicdiary.fingerprint.IFingerprint
    public abstract boolean canAuthenticate(android.content.Context,com.js.phonicdiary.fingerprint.FingerprintCallback)
    public abstract void authenticate(android.content.Context,com.js.phonicdiary.fingerprint.FingerprintCallback)
...
com.bumptech.glide.BuildConfig
io.reactivex.internal.operators.observable.ObservableReplay$ReplayObserver
kotlin.collections.CollectionsKt___CollectionsKt
    private static final java.lang.Object component1(java.util.List)
    private static final java.lang.Object component2(java.util.List)
    private static final java.lang.Object component3(java.util.List)
    private static final java.lang.Object component4(java.util.List)
    private static final java.lang.Object component5(java.util.List)
    public static final boolean contains(java.lang.Iterable,java.lang.Object)
    public static final java.lang.Object elementAt(java.lang.Iterable,int)
    private static final java.lang.Object elementAt(java.util.List,int)
    public static final java.lang.Object elementAtOrElse(java.lang.Iterable,int,kotlin.jvm.functions.Function1)
    private static final java.lang.Object elementAtOrElse(java.util.List,int,kotlin.jvm.functions.Function1)
    public static final java.lang.Object elementAtOrNull(java.lang.Iterable,int)
    private static final java.lang.Object elementAtOrNull(java.util.List,int)
    private static final java.lang.Object find(java.lang.Iterable,kotlin.jvm.functions.Function1)
    private static final java.lang.Object findLast(java.lang.Iterable,kotlin.jvm.functions.Function1)
    private static final java.lang.Object findLast(java.util.List,kotlin.jvm.functions.Function1)
    public static final java.lang.Object first(java.lang.Iterable)
    public static final java.lang.Object first(java.util.List)
androidx.vectordrawable.graphics.drawable.AnimationUtilsCompat
    private void <init>()
androidx.appcompat.widget.ActivityChooserModel$DefaultSorter
    private static final float WEIGHT_DECAY_COEFFICIENT
io.reactivex.internal.operators.observable.ObservableUsing
io.reactivex.disposables.Disposable
    public abstract boolean isDisposed()
kotlin.jvm.internal.MutablePropertyReference0Impl
kotlin.collections.EmptyList
kotlin.jvm.internal.PropertyReference0
freemarker.cache.URLTemplateLoader
    public void setURLConnectionUsesCaches(java.lang.Boolean)
com.yanzhenjie.permission.runtime.setting.SettingRequest
kotlin.collections.ReversedListReadOnly
io.reactivex.internal.util.EmptyComponent
kotlin.collections.CollectionsKt__MutableCollectionsJVMKt
    private static final void sort(java.util.List,java.util.Comparator)
    private static final void sort(java.util.List,kotlin.jvm.functions.Function2)
    public static final void sort(java.util.List)
    public static final void sortWith(java.util.List,java.util.Comparator)
    private static final void fill(java.util.List,java.lang.Object)
    private static final void shuffle(java.util.List)
    private static final void shuffle(java.util.List,java.util.Random)
    public static final java.util.List shuffled(java.lang.Iterable)
    public static final java.util.List shuffled(java.lang.Iterable,java.util.Random)
    public void <init>()
io.reactivex.internal.operators.flowable.FlowableTimeoutTimed$TimeoutSubscriber
io.reactivex.internal.operators.flowable.FlowableReduce$ReduceSubscriber
io.reactivex.internal.operators.parallel.ParallelRunOn$BaseRunOnSubscriber
kotlin.text.MatcherMatchResult$groups$1
freemarker.ext.servlet.AllHttpScopesHashModel